2015 Jan 08 22:24:12  Result: 9
2015 Jan 08 22:24:12  From address not in member domain. Message not sent.
2015 Jan 08 22:24:55  Result: 9
2015 Jan 08 22:24:55  From address not in member domain. Message not sent.
2015 Jan 08 22:26:55  Result: 9
2015 Jan 08 22:26:55  From address not in member domain. Message not sent.
2015 Jan 08 22:27:49  Result: 9
2015 Jan 08 22:27:49  From address not in member domain. Message not sent.
2015 Jan 08 22:32:36  Result: 9
2015 Jan 08 22:32:36  From address not in member domain. Message not sent.
2015 Jan 08 22:34:12  Result: 9
2015 Jan 08 22:34:12  From address not in member domain. Message not sent.
2015 Jan 08 22:34:54  Result: 9
2015 Jan 08 22:34:54  From address not in member domain. Message not sent.
2015 Jan 08 22:36:42  Result: 9
2015 Jan 08 22:36:42  From address not in member domain. Message not sent.
2015 Jan 08 22:40:52  Result: 9
2015 Jan 08 22:40:52  From address not in member domain. Message not sent.
2015 Jan 08 22:41:54  Result: 9
2015 Jan 08 22:41:54  From address not in member domain. Message not sent.
2015 Jan 08 22:59:05  Result: 9
2015 Jan 08 22:59:05  From address not in member domain. Message not sent.
2015 Jan 08 23:02:49  Result: 9
2015 Jan 08 23:02:49  From address not in member domain. Message not sent.
2015 Jan 08 23:04:23  Result: 9
2015 Jan 08 23:04:24  From address not in member domain. Message not sent.
2015 Jan 08 23:05:08  Result: 9
2015 Jan 08 23:05:08  From address not in member domain. Message not sent.
2015 Jan 08 23:09:03  Result: 9
2015 Jan 08 23:09:03  From address not in member domain. Message not sent.
2015 Jan 08 23:23:02  Result: 9
2015 Jan 08 23:23:02  From address not in member domain. Message not sent.
2015 Jan 08 23:24:14  Result: 9
2015 Jan 08 23:24:14  From address not in member domain. Message not sent.
2015 Jan 09 20:47:57  Result: 9
2015 Jan 09 20:47:57  From address not in member domain. Message not sent.
2018 Jul 22 14:57:18  Result: 9
2018 Jul 22 14:57:18  From address not in member domain. Message not sent.
2018 Aug 04 03:42:59  Result: 9
2018 Aug 04 03:42:59  From address not in member domain. Message not sent.
2018 Aug 21 20:30:34  Result: 9
2018 Aug 21 20:30:34  From address not in member domain. Message not sent.
2018 Sep 19 06:21:05  Result: 9
2018 Sep 19 06:21:05  From address not in member domain. Message not sent.
2018 Oct 22 10:32:07  Result: 9
2018 Oct 22 10:32:07  From address not in member domain. Message not sent.
2018 Nov 06 19:45:22  Result: 9
2018 Nov 06 19:45:22  From address not in member domain. Message not sent.
2018 Nov 18 13:45:01  Result: 9
2018 Nov 18 13:45:01  From address not in member domain. Message not sent.
2018 Dec 25 15:15:53  Result: 9
2018 Dec 25 15:15:53  From address not in member domain. Message not sent.
2019 Feb 15 14:44:35  Result: 9
2019 Feb 15 14:44:35  From address not in member domain. Message not sent.
2019 May 17 05:43:06  Result: 9
2019 May 17 05:43:06  From address not in member domain. Message not sent.
2019 May 22 22:06:37  Result: 9
2019 May 22 22:06:37  From address not in member domain. Message not sent.
2019 Jun 10 09:20:59  Result: 9
2019 Jun 10 09:20:59  From address not in member domain. Message not sent.
2019 Jun 25 09:34:08  Result: 9
2019 Jun 25 09:34:08  From address not in member domain. Message not sent.
2019 Aug 23 20:26:13  Result: 9
2019 Aug 23 20:26:13  From address not in member domain. Message not sent.
2019 Aug 30 14:41:06  Result: 9
2019 Aug 30 14:41:06  From address not in member domain. Message not sent.
2019 Sep 12 00:15:24  Result: 9
2019 Sep 12 00:15:24  From address not in member domain. Message not sent.
2019 Sep 25 05:11:01  Result: 9
2019 Sep 25 05:11:01  From address not in member domain. Message not sent.
2019 Sep 27 17:21:22  Result: 9
2019 Sep 27 17:21:22  From address not in member domain. Message not sent.
2019 Oct 06 15:24:19  Result: 9
2019 Oct 06 15:24:19  From address not in member domain. Message not sent.
2019 Oct 11 07:22:13  Result: 9
2019 Oct 11 07:22:13  From address not in member domain. Message not sent.
2019 Oct 16 09:55:24  Result: 9
2019 Oct 16 09:55:24  From address not in member domain. Message not sent.
2019 Oct 20 15:05:09  Result: 9
2019 Oct 20 15:05:09  From address not in member domain. Message not sent.
2019 Oct 23 15:27:13  Result: 9
2019 Oct 23 15:27:13  From address not in member domain. Message not sent.
2019 Oct 27 05:48:18  Result: 9
2019 Oct 27 05:48:18  From address not in member domain. Message not sent.
2019 Oct 27 21:44:19  Result: 9
2019 Oct 27 21:44:19  From address not in member domain. Message not sent.
2019 Oct 31 04:55:47  Result: 9
2019 Oct 31 04:55:47  From address not in member domain. Message not sent.
2019 Nov 01 08:29:54  Result: 9
2019 Nov 01 08:29:54  From address not in member domain. Message not sent.
2019 Nov 05 08:47:01  Result: 9
2019 Nov 05 08:47:01  From address not in member domain. Message not sent.
2019 Nov 08 11:38:18  Result: 9
2019 Nov 08 11:38:18  From address not in member domain. Message not sent.
2019 Nov 11 21:20:07  Result: 9
2019 Nov 11 21:20:07  From address not in member domain. Message not sent.
2019 Nov 12 06:53:48  Result: 9
2019 Nov 12 06:53:48  From address not in member domain. Message not sent.
2019 Nov 13 07:40:02  Result: 9
2019 Nov 13 07:40:02  From address not in member domain. Message not sent.
2019 Nov 16 20:49:27  Result: 9
2019 Nov 16 20:49:27  From address not in member domain. Message not sent.
2019 Nov 18 19:42:02  Result: 9
2019 Nov 18 19:42:02  From address not in member domain. Message not sent.
2019 Nov 21 22:44:29  Result: 9
2019 Nov 21 22:44:29  From address not in member domain. Message not sent.
2019 Nov 22 08:33:47  Result: 9
2019 Nov 22 08:33:47  From address not in member domain. Message not sent.
2019 Nov 23 20:36:55  Result: 9
2019 Nov 23 20:36:55  From address not in member domain. Message not sent.
2019 Nov 24 21:52:51  Result: 9
2019 Nov 24 21:52:51  From address not in member domain. Message not sent.
2019 Nov 27 22:20:13  Result: 9
2019 Nov 27 22:20:13  From address not in member domain. Message not sent.
2019 Nov 30 03:29:20  Result: 9
2019 Nov 30 03:29:20  From address not in member domain. Message not sent.
2019 Dec 04 02:50:03  Result: 9
2019 Dec 04 02:50:03  From address not in member domain. Message not sent.
2019 Dec 08 18:58:08  Result: 9
2019 Dec 08 18:58:08  From address not in member domain. Message not sent.
2019 Dec 15 18:08:54  Result: 9
2019 Dec 15 18:08:54  From address not in member domain. Message not sent.
2019 Dec 17 01:11:15  Result: 9
2019 Dec 17 01:11:15  From address not in member domain. Message not sent.
2019 Dec 17 05:29:31  Result: 9
2019 Dec 17 05:29:31  From address not in member domain. Message not sent.
2019 Dec 18 18:35:58  Result: 9
2019 Dec 18 18:35:58  From address not in member domain. Message not sent.
2019 Dec 21 18:12:15  Result: 9
2019 Dec 21 18:12:15  From address not in member domain. Message not sent.
2019 Dec 29 18:20:47  Result: 9
2019 Dec 29 18:20:47  From address not in member domain. Message not sent.
2020 Jan 05 03:50:46  Result: 9
2020 Jan 05 03:50:46  From address not in member domain. Message not sent.
2020 Jan 06 01:39:27  Result: 9
2020 Jan 06 01:39:27  From address not in member domain. Message not sent.
2020 Jan 06 17:01:43  Result: 9
2020 Jan 06 17:01:43  From address not in member domain. Message not sent.
2020 Jan 07 19:12:21  Result: 9
2020 Jan 07 19:12:21  From address not in member domain. Message not sent.
2020 Jan 08 01:13:02  Result: 9
2020 Jan 08 01:13:02  From address not in member domain. Message not sent.
2020 Jan 09 20:31:23  Result: 9
2020 Jan 09 20:31:23  From address not in member domain. Message not sent.
2020 Jan 09 20:47:56  Result: 9
2020 Jan 09 20:47:56  From address not in member domain. Message not sent.
2020 Jan 12 03:26:12  Result: 9
2020 Jan 12 03:26:12  From address not in member domain. Message not sent.
2020 Jan 14 15:40:26  Result: 9
2020 Jan 14 15:40:26  From address not in member domain. Message not sent.
2020 Jan 16 17:57:05  Result: 9
2020 Jan 16 17:57:05  From address not in member domain. Message not sent.
2020 Jan 17 04:45:15  Result: 9
2020 Jan 17 04:45:15  From address not in member domain. Message not sent.
2020 Jan 17 09:34:17  Result: 9
2020 Jan 17 09:34:17  From address not in member domain. Message not sent.
2020 Jan 19 20:21:23  Result: 9
2020 Jan 19 20:21:23  From address not in member domain. Message not sent.
2020 Jan 20 18:18:28  Result: 9
2020 Jan 20 18:18:28  From address not in member domain. Message not sent.
2020 Jan 28 17:13:41  Result: 9
2020 Jan 28 17:13:41  From address not in member domain. Message not sent.
2020 Jan 28 20:05:06  Result: 9
2020 Jan 28 20:05:06  From address not in member domain. Message not sent.
2020 Jan 28 21:24:21  Result: 9
2020 Jan 28 21:24:21  From address not in member domain. Message not sent.
2020 Jan 31 15:33:20  Result: 9
2020 Jan 31 15:33:20  From address not in member domain. Message not sent.
2020 Feb 07 22:05:36  Result: 9
2020 Feb 07 22:05:36  From address not in member domain. Message not sent.
2020 Feb 08 22:48:09  Result: 9
2020 Feb 08 22:48:09  From address not in member domain. Message not sent.
2020 Feb 11 21:16:08  Result: 9
2020 Feb 11 21:16:08  From address not in member domain. Message not sent.
2020 Feb 13 13:25:48  Result: 9
2020 Feb 13 13:25:48  From address not in member domain. Message not sent.
2020 Feb 14 08:58:39  Result: 9
2020 Feb 14 08:58:39  From address not in member domain. Message not sent.
2020 Feb 15 16:50:02  Result: 9
2020 Feb 15 16:50:02  From address not in member domain. Message not sent.
2020 Feb 16 14:57:08  Result: 9
2020 Feb 16 14:57:08  From address not in member domain. Message not sent.
2020 Feb 21 04:43:04  Result: 9
2020 Feb 21 04:43:04  From address not in member domain. Message not sent.
2020 Feb 22 19:42:50  Result: 9
2020 Feb 22 19:42:50  From address not in member domain. Message not sent.
2020 Feb 23 20:11:29  Result: 9
2020 Feb 23 20:11:29  From address not in member domain. Message not sent.
2020 Feb 26 01:55:52  Result: 9
2020 Feb 26 01:55:52  From address not in member domain. Message not sent.
2020 Feb 26 23:41:58  Result: 9
2020 Feb 26 23:41:58  From address not in member domain. Message not sent.
2020 Feb 28 04:32:28  Result: 9
2020 Feb 28 04:32:28  From address not in member domain. Message not sent.
2020 Feb 28 17:56:10  Result: 9
2020 Feb 28 17:56:10  From address not in member domain. Message not sent.
2020 Mar 07 14:20:42  Result: 9
2020 Mar 07 14:20:42  From address not in member domain. Message not sent.
2020 Mar 11 15:35:10  Result: 9
2020 Mar 11 15:35:10  From address not in member domain. Message not sent.
2020 Mar 14 01:52:12  Result: 9
2020 Mar 14 01:52:12  From address not in member domain. Message not sent.
2020 Mar 18 04:38:35  Result: 9
2020 Mar 18 04:38:35  From address not in member domain. Message not sent.
2020 Mar 24 21:29:13  Result: 9
2020 Mar 24 21:29:13  From address not in member domain. Message not sent.
2020 Mar 25 14:36:56  Result: 9
2020 Mar 25 14:36:56  From address not in member domain. Message not sent.
2020 Mar 26 19:40:55  Result: 9
2020 Mar 26 19:40:55  From address not in member domain. Message not sent.
2020 Mar 28 06:37:55  Result: 9
2020 Mar 28 06:37:55  From address not in member domain. Message not sent.
2020 Mar 28 19:38:25  Result: 9
2020 Mar 28 19:38:25  From address not in member domain. Message not sent.
2020 Mar 31 04:32:13  Result: 9
2020 Mar 31 04:32:13  From address not in member domain. Message not sent.
2020 Apr 02 05:23:56  Result: 9
2020 Apr 02 05:23:56  From address not in member domain. Message not sent.
2020 Apr 02 18:58:08  Result: 9
2020 Apr 02 18:58:08  From address not in member domain. Message not sent.
2020 Apr 04 19:23:47  Result: 9
2020 Apr 04 19:23:47  From address not in member domain. Message not sent.
2020 Apr 05 00:18:14  Result: 9
2020 Apr 05 00:18:14  From address not in member domain. Message not sent.
2020 Apr 06 15:05:17  Result: 9
2020 Apr 06 15:05:17  From address not in member domain. Message not sent.
2020 Apr 09 19:54:27  Result: 9
2020 Apr 09 19:54:27  From address not in member domain. Message not sent.
2020 Apr 10 05:38:39  Result: 9
2020 Apr 10 05:38:39  From address not in member domain. Message not sent.
2020 Apr 12 19:43:02  Result: 9
2020 Apr 12 19:43:03  From address not in member domain. Message not sent.
2020 Apr 13 18:46:50  Result: 9
2020 Apr 13 18:46:50  From address not in member domain. Message not sent.
2020 Apr 17 05:07:52  Result: 9
2020 Apr 17 05:07:52  From address not in member domain. Message not sent.
2020 Apr 22 14:49:57  Result: 9
2020 Apr 22 14:49:57  From address not in member domain. Message not sent.
2020 Apr 23 03:03:51  Result: 9
2020 Apr 23 03:03:51  From address not in member domain. Message not sent.
2020 Apr 28 18:32:35  Result: 9
2020 Apr 28 18:32:35  From address not in member domain. Message not sent.
2020 May 05 19:03:28  Result: 9
2020 May 05 19:03:28  From address not in member domain. Message not sent.
2020 May 06 19:50:23  Result: 9
2020 May 06 19:50:23  From address not in member domain. Message not sent.
2020 May 07 04:35:33  Result: 9
2020 May 07 04:35:33  From address not in member domain. Message not sent.
2020 May 11 17:55:18  Result: 9
2020 May 11 17:55:18  From address not in member domain. Message not sent.
2020 May 14 05:48:46  Result: 9
2020 May 14 05:48:46  From address not in member domain. Message not sent.
2020 May 20 17:37:44  Result: 9
2020 May 20 17:37:44  From address not in member domain. Message not sent.
2020 May 21 00:32:04  Result: 9
2020 May 21 00:32:04  From address not in member domain. Message not sent.
2020 May 21 10:26:54  Result: 9
2020 May 21 10:26:54  From address not in member domain. Message not sent.
2020 May 21 20:59:04  Result: 9
2020 May 21 20:59:04  From address not in member domain. Message not sent.
2020 May 22 06:44:37  Result: 9
2020 May 22 06:44:37  From address not in member domain. Message not sent.
2020 May 22 11:23:43  Result: 9
2020 May 22 11:23:43  From address not in member domain. Message not sent.
2020 May 24 05:14:07  Result: 9
2020 May 24 05:14:07  From address not in member domain. Message not sent.
2020 May 24 06:24:04  Result: 9
2020 May 24 06:24:04  From address not in member domain. Message not sent.
